
Port: COM4
Baud: 9600
Parity: NONE
Stop Bits: 1
Sample interval: 60
File interval: 15
Poll interval: 5
Start Log min: 330
Stop log min: 1140
Log file path: ../log/
Device 1 - Make: ABB
Device 1 - Model: TRIO-20-TL-OUTD
Device 1 - Slave ID: 1
Device 1 - Plant Code: 1211
Device 1 - Capacity: 17500

____________________________________________________________________________________________________________________
|                                                 MODBUS MAP TABLE                                                 |
|------------------------------------------------------------------------------------------------------------------|
|DV#|SL_ID|           REG           |REG_AD|REG_TY|SZ_U16|B_REV|b_REV|F_CODE|MULT|DIV |FLTR| RAW_VAL  |   VALUE    |
|---|-----|-------------------------|------|------|------|-----|-----|------|----|----|----|----------|------------|
| 1 |  1  |  PowerGenerationAC_(W)  | 148  | F32  |  2   |  0  |  0  |  4   | 1  | 1  | 0  |0x00000000|    0.00    |
| 1 |  1  | TodaysGeneration_(KWh)  | 132  | F32  |  2   |  0  |  0  |  3   | 1  | 1  | 0  |0x00000000|    0.00    |
|___|_____|_________________________|______|______|______|_____|_____|______|____|____|____|__________|____________|
MODBUS INITIALSATION ERROR: Unable to connect to COM4, ERROR CODE:No error
